#
# There is insufficient memory for the Java Runtime Environment to continue.
# Native memory allocation (mmap) failed to map 532676608 bytes for G1 virtual space
# Possible reasons:
#   The system is out of physical RAM or swap space
#   The process is running with CompressedOops enabled, and the Java Heap may be blocking the growth of the native heap
# Possible solutions:
#   Reduce memory load on the system
#   Increase physical memory or swap space
#   Check if swap backing store is full
#   Decrease Java heap size (-Xmx/-Xms)
#   Decrease number of Java threads
#   Decrease Java thread stack sizes (-Xss)
#   Set larger code cache with -XX:ReservedCodeCacheSize=
#   JVM is running with Zero Based Compressed Oops mode in which the Java heap is
#     placed in the first 32GB address space. The Java Heap base address is the
#     maximum limit for the native heap growth. Please use -XX:HeapBaseMinAddress
#     to set the Java Heap base and to place the Java Heap above 32GB virtual address.
# This output file may be truncated or incomplete.
#
#  Out of Memory Error (os_windows.cpp:3550), pid=28460, tid=13528
#
# JRE version:  (17.0.6+9) (build )
# Java VM: Java HotSpot(TM) 64-Bit Server VM (17.0.6+9-LTS-190, mixed mode, emulated-client, sharing, tiered, compressed oops, compressed class ptrs, g1 gc, windows-amd64)
# No core dump will be written. Minidumps are not enabled by default on client versions of Windows
#

---------------  S U M M A R Y ------------

Command Line: -agentlib:jdwp=transport=dt_socket,address=127.0.0.1:65222,suspend=y,server=n -XX:TieredStopAtLevel=1 -Dspring.output.ansi.enabled=always -Dcom.sun.management.jmxremote -Dspring.jmx.enabled=true -Dspring.liveBeansView.mbeanDomain -Dspring.application.admin.enabled=true -Dmanagement.endpoints.jmx.exposure.include=* -javaagent:C:\Users\aboubacar.diallo\AppData\Local\JetBrains\IntelliJIdea2022.3\captureAgent\debugger-agent.jar -Dfile.encoding=UTF-8 com.example.demo.DemoApplication

Host: 12th Gen Intel(R) Core(TM) i7-1260P, 16 cores, 31G,  Windows 11 , 64 bit Build 22621 (10.0.22621.1344)
Time: Wed Mar 29 09:58:38 2023 Greenwich elapsed time: 0.025561 seconds (0d 0h 0m 0s)

---------------  T H R E A D  ---------------

Current thread (0x000002b16fd3c480):  JavaThread "Unknown thread" [_thread_in_vm, id=13528, stack(0x000000e0f0e00000,0x000000e0f0f00000)]

Stack: [0x000000e0f0e00000,0x000000e0f0f00000]
Native frames: (J=compiled Java code, j=interpreted, Vv=VM code, C=native code)
V  [jvm.dll+0x6734ea]
V  [jvm.dll+0x7d18f4]
V  [jvm.dll+0x7d309e]
V  [jvm.dll+0x7d3703]
V  [jvm.dll+0x2433c5]
V  [jvm.dll+0x6703f9]
V  [jvm.dll+0x664d32]
V  [jvm.dll+0x300086]
V  [jvm.dll+0x307606]
V  [jvm.dll+0x356c1e]
V  [jvm.dll+0x356e4f]
V  [jvm.dll+0x2d72e8]
V  [jvm.dll+0x2d8254]
V  [jvm.dll+0x7a33b1]
V  [jvm.dll+0x3647f1]
V  [jvm.dll+0x782839]
V  [jvm.dll+0x3e757f]
V  [jvm.dll+0x3e9001]
C  [jli.dll+0x5297]
C  [ucrtbase.dll+0x29363]
C  [KERNEL32.DLL+0x126bd]
C  [ntdll.dll+0x5a9f8]


---------------  P R O C E S S  ---------------

Threads class SMR info:
_java_thread_list=0x00007ffc5369e958, length=0, elements={
}

Java Threads: ( => current thread )

Other Threads:
  0x000002b16fde9d80 GCTaskThread "GC Thread#0" [stack: 0x000000e0f0f00000,0x000000e0f1000000] [id=29880]
  0x000002b16fdfbbf0 ConcurrentGCThread "G1 Main Marker" [stack: 0x000000e0f1000000,0x000000e0f1100000] [id=2428]
  0x000002b16fdfc600 ConcurrentGCThread "G1 Conc#0" [stack: 0x000000e0f1100000,0x000000e0f1200000] [id=6656]

[error occurred during error reporting (printing all threads), id 0xc0000005, EXCEPTION_ACCESS_VIOLATION (0xc0000005) at pc=0x00007ffc52ed7f07]

VM state: not at safepoint (not fully initialized)

VM Mutex/Monitor currently owned by a thread:  ([mutex/lock_event])
[0x000002b16fd37dc0] Heap_lock - owner thread: 0x000002b16fd3c480

Heap address: 0x0000000604800000, size: 8120 MB, Compressed Oops mode: Zero based, Oop shift amount: 3

CDS archive(s) mapped at: [0x0000000000000000-0x0000000000000000-0x0000000000000000), size 0, SharedBaseAddress: 0x0000000800000000, ArchiveRelocationMode: 0.
Narrow klass base: 0x0000000000000000, Narrow klass shift: 0, Narrow klass range: 0x0

GC Precious Log:
<Empty>

Heap:
 garbage-first heap   total 0K, used 0K [0x0000000604800000, 0x0000000800000000)
  region size 4096K, 0 young (0K), 0 survivors (0K)

[error occurred during error reporting (printing heap information), id 0xc0000005, EXCEPTION_ACCESS_VIOLATION (0xc0000005) at pc=0x00007ffc532bc759]

GC Heap History (0 events):
No events

Deoptimization events (0 events):
No events

Classes unloaded (0 events):
No events

Classes redefined (0 events):
No events

Internal exceptions (0 events):
No events

VM Operations (0 events):
No events

Events (2 events):
Event: 0.020 Loaded shared library C:\Program Files\Java\jdk-17\bin\java.dll
Event: 0.021 Loaded shared library C:\Program Files\Java\jdk-17\bin\zip.dll


Dynamic libraries:
0x00007ff777650000 - 0x00007ff777660000 	C:\Program Files\Java\jdk-17\bin\java.exe
0x00007ffca4d30000 - 0x00007ffca4f44000 	C:\WINDOWS\SYSTEM32\ntdll.dll
0x00007ffca3770000 - 0x00007ffca3833000 	C:\WINDOWS\System32\KERNEL32.DLL
0x00007ffca2200000 - 0x00007ffca259c000 	C:\WINDOWS\System32\KERNELBASE.dll
0x00007ffca29f0000 - 0x00007ffca2b01000 	C:\WINDOWS\System32\ucrtbase.dll
0x00007ffc91780000 - 0x00007ffc9179b000 	C:\Program Files\Java\jdk-17\bin\VCRUNTIME140.dll
0x00007ffc97560000 - 0x00007ffc97578000 	C:\Program Files\Java\jdk-17\bin\jli.dll
0x00007ffca4870000 - 0x00007ffca491e000 	C:\WINDOWS\System32\ADVAPI32.dll
0x00007ffca4920000 - 0x00007ffca49c7000 	C:\WINDOWS\System32\msvcrt.dll
0x00007ffca49d0000 - 0x00007ffca4a74000 	C:\WINDOWS\System32\sechost.dll
0x00007ffca3990000 - 0x00007ffca3aa5000 	C:\WINDOWS\System32\RPCRT4.dll
0x00007ffca4b10000 - 0x00007ffca4cbd000 	C:\WINDOWS\System32\USER32.dll
0x00007ffca2710000 - 0x00007ffca2736000 	C:\WINDOWS\System32\win32u.dll
0x00007ffc97950000 - 0x00007ffc97bde000 	C:\WINDOWS\WinSxS\amd64_microsoft.windows.common-controls_6595b64144ccf1df_6.0.22621.608_none_a9444ca7c10bb01d\COMCTL32.dll
0x00007ffca45c0000 - 0x00007ffca45e9000 	C:\WINDOWS\System32\GDI32.dll
0x00007ffca27b0000 - 0x00007ffca28c3000 	C:\WINDOWS\System32\gdi32full.dll
0x00007ffca2950000 - 0x00007ffca29ea000 	C:\WINDOWS\System32\msvcp_win.dll
0x00007ffc9a360000 - 0x00007ffc9a36a000 	C:\WINDOWS\SYSTEM32\VERSION.dll
0x00007ffca35d0000 - 0x00007ffca3601000 	C:\WINDOWS\System32\IMM32.DLL
0x00007ffc98330000 - 0x00007ffc9833c000 	C:\Program Files\Java\jdk-17\bin\vcruntime140_1.dll
0x00007ffc82ea0000 - 0x00007ffc82f2e000 	C:\Program Files\Java\jdk-17\bin\msvcp140.dll
0x00007ffc52bf0000 - 0x00007ffc537c7000 	C:\Program Files\Java\jdk-17\bin\server\jvm.dll
0x00007ffca2f60000 - 0x00007ffca2f68000 	C:\WINDOWS\System32\PSAPI.DLL
0x00007ffc7e690000 - 0x00007ffc7e699000 	C:\WINDOWS\SYSTEM32\WSOCK32.dll
0x00007ffc99e80000 - 0x00007ffc99eb4000 	C:\WINDOWS\SYSTEM32\WINMM.dll
0x00007ffca36f0000 - 0x00007ffca3761000 	C:\WINDOWS\System32\WS2_32.dll
0x00007ffca1240000 - 0x00007ffca1258000 	C:\WINDOWS\SYSTEM32\kernel.appcore.dll
0x00007ffc98210000 - 0x00007ffc9821a000 	C:\Program Files\Java\jdk-17\bin\jimage.dll
0x00007ffc9fbb0000 - 0x00007ffc9fdde000 	C:\WINDOWS\SYSTEM32\DBGHELP.DLL
0x00007ffca2bd0000 - 0x00007ffca2f59000 	C:\WINDOWS\System32\combase.dll
0x00007ffca4790000 - 0x00007ffca4867000 	C:\WINDOWS\System32\OLEAUT32.dll
0x00007ffc965d0000 - 0x00007ffc96602000 	C:\WINDOWS\SYSTEM32\dbgcore.DLL
0x00007ffca28d0000 - 0x00007ffca294b000 	C:\WINDOWS\System32\bcryptPrimitives.dll
0x00007ffc9e4e0000 - 0x00007ffc9e51b000 	C:\Program Files\Java\jdk-17\bin\jdwp.dll
0x00007ffc9ef50000 - 0x00007ffc9ef5e000 	C:\Program Files\Java\jdk-17\bin\instrument.dll
0x00007ffc84840000 - 0x00007ffc84865000 	C:\Program Files\Java\jdk-17\bin\java.dll
0x00007ffc83fa0000 - 0x00007ffc83fb8000 	C:\Program Files\Java\jdk-17\bin\zip.dll

dbghelp: loaded successfully - version: 4.0.5 - missing functions: none
symbol engine: initialized successfully - sym options: 0x614 - pdb path: .;C:\Program Files\Java\jdk-17\bin;C:\WINDOWS\SYSTEM32;C:\WINDOWS\WinSxS\amd64_microsoft.windows.common-controls_6595b64144ccf1df_6.0.22621.608_none_a9444ca7c10bb01d;C:\Program Files\Java\jdk-17\bin\server

VM Arguments:
jvm_args: -agentlib:jdwp=transport=dt_socket,address=127.0.0.1:65222,suspend=y,server=n -XX:TieredStopAtLevel=1 -Dspring.output.ansi.enabled=always -Dcom.sun.management.jmxremote -Dspring.jmx.enabled=true -Dspring.liveBeansView.mbeanDomain -Dspring.application.admin.enabled=true -Dmanagement.endpoints.jmx.exposure.include=* -javaagent:C:\Users\aboubacar.diallo\AppData\Local\JetBrains\IntelliJIdea2022.3\captureAgent\debugger-agent.jar -Dfile.encoding=UTF-8 
java_command: com.example.demo.DemoApplication
java_class_path (initial): E:\data\Formation\fullstack\Nelson\Java spring boot - react\project starter\demo\demo\target\classes;C:\Users\aboubacar.diallo\.m2\repository\org\springframework\boot\spring-boot-starter-web\3.0.2\spring-boot-starter-web-3.0.2.jar;C:\Users\aboubacar.diallo\.m2\repository\org\springframework\boot\spring-boot-starter\3.0.2\spring-boot-starter-3.0.2.jar;C:\Users\aboubacar.diallo\.m2\repository\org\springframework\boot\spring-boot\3.0.2\spring-boot-3.0.2.jar;C:\Users\aboubacar.diallo\.m2\repository\org\springframework\boot\spring-boot-autoconfigure\3.0.2\spring-boot-autoconfigure-3.0.2.jar;C:\Users\aboubacar.diallo\.m2\repository\org\springframework\boot\spring-boot-starter-logging\3.0.2\spring-boot-starter-logging-3.0.2.jar;C:\Users\aboubacar.diallo\.m2\repository\ch\qos\logback\logback-classic\1.4.5\logback-classic-1.4.5.jar;C:\Users\aboubacar.diallo\.m2\repository\ch\qos\logback\logback-core\1.4.5\logback-core-1.4.5.jar;C:\Users\aboubacar.diallo\.m2\repository\org\apache\logging\log4j\log4j-to-slf4j\2.19.0\log4j-to-slf4j-2.19.0.jar;C:\Users\aboubacar.diallo\.m2\repository\org\apache\logging\log4j\log4j-api\2.19.0\log4j-api-2.19.0.jar;C:\Users\aboubacar.diallo\.m2\repository\org\slf4j\jul-to-slf4j\2.0.6\jul-to-slf4j-2.0.6.jar;C:\Users\aboubacar.diallo\.m2\repository\jakarta\annotation\jakarta.annotation-api\2.1.1\jakarta.annotation-api-2.1.1.jar;C:\Users\aboubacar.diallo\.m2\repository\org\yaml\snakeyaml\1.33\snakeyaml-1.33.jar;C:\Users\aboubacar.diallo\.m2\repository\org\springframework\boot\spring-boot-starter-json\3.0.2\spring-boot-starter-json-3.0.2.jar;C:\Users\aboubacar.diallo\.m2\repository\com\fasterxml\jackson\core\jackson-databind\2.14.1\jackson-databind-2.14.1.jar;C:\Users\aboubacar.diallo\.m2\repository\com\fasterxml\jackson\core\jackson-annotations\2.14.1\jackson-annotations-2.14.1.jar;C:\Users\aboubacar.diallo\.m2\repository\com\fasterxml\jackson\core\jackson-core\2.14.1\jackson-core-2.14.1.jar;C:\Users\aboubacar.diallo\.m2\r
Launcher Type: SUN_STANDARD

[Global flags]
     intx CICompilerCount                          = 12                                        {product} {ergonomic}
     uint ConcGCThreads                            = 3                                         {product} {ergonomic}
     uint G1ConcRefinementThreads                  = 13                                        {product} {ergonomic}
   size_t G1HeapRegionSize                         = 4194304                                   {product} {ergonomic}
    uintx GCDrainStackTargetSize                   = 64                                        {product} {ergonomic}
   size_t InitialHeapSize                          = 532676608                                 {product} {ergonomic}
     bool ManagementServer                         = true                                      {product} {command line}
   size_t MarkStackSize                            = 4194304                                   {product} {ergonomic}
   size_t MaxHeapSize                              = 8514437120                                {product} {ergonomic}
   size_t MinHeapDeltaBytes                        = 4194304                                   {product} {ergonomic}
   size_t MinHeapSize                              = 8388608                                   {product} {ergonomic}
    uintx NonProfiledCodeHeapSize                  = 0                                      {pd product} {ergonomic}
     bool ProfileInterpreter                       = false                                  {pd product} {command line}
    uintx ProfiledCodeHeapSize                     = 0                                      {pd product} {ergonomic}
   size_t SoftMaxHeapSize                          = 8514437120                             {manageable} {ergonomic}
     intx TieredStopAtLevel                        = 1                                         {product} {command line}
     bool UseCompressedClassPointers               = true                           {product lp64_product} {ergonomic}
     bool UseCompressedOops                        = true                           {product lp64_product} {ergonomic}
     bool UseG1GC                                  = true                                      {product} {ergonomic}
     bool UseLargePagesIndividualAllocation        = false                                  {pd product} {ergonomic}

Logging:
Log output configuration:
 #0: stdout all=warning uptime,level,tags
 #1: stderr all=off uptime,level,tags

Environment Variables:
JAVA_HOME=C:\Program Files\Java\jdk-17
PATH=C:\Oracle\product\11.2.0\dbhome_1\bin;C:\Program Files (x86)\Common Files\Oracle\Java\javapath;C:\Oracle\product\11.2.0\client_2;C:\Oracle\product\11.2.0\client_2\bin;C:\Oracle\product\11.2.0\client_1;C:\Oracle\product\11.2.0\client_1\bin;C:\Program Files\Common Files\Oracle\Java\javapath;C:\WINDOWS\system32;C:\WINDOWS;C:\WINDOWS\System32\Wbem;C:\WINDOWS\System32\WindowsPowerShell\v1.0\;C:\WINDOWS\System32\OpenSSH\;C:\Program Files\Java\jdk-17\bin;C:\apache-maven-3.8.6;C:\apache-maven-3.8.6\bin;C:\Program Files\nodejs\;C:\Program Files\Git\cmd;C:\Program Files\Docker\Docker\resources\bin;C:\Program Files\PuTTY\;C:\xampp\php;C:\ProgramData\ComposerSetup\bin;C:\Users\aboubacar.diallo\AppData\Local\Android\Sdk\tools;C:\Users\aboubacar.diallo\AppData\Local\Android\Sdk\tools\bin;C:\Users\aboubacar.diallo\AppData\Local\Android\Sdk\platform-tools;C:\Users\aboubacar.diallo\AppData\Local\Microsoft\WindowsApps;C:\Program Files\JetBrains\IntelliJ IDEA 2022.3.1\bin;C:\Users\aboubacar.diallo\AppData\Roaming\npm;C:\Users\aboubacar.diallo\AppData\Local\Programs\Microsoft VS Code\bin;C:\Users\aboubacar.diallo\AppData\Local\JetBrains\Toolbox\scripts;C:\Users\aboubacar.diallo\AppData\Roaming\Composer\vendor\bin
USERNAME=aboubacar.diallo
OS=Windows_NT
PROCESSOR_IDENTIFIER=Intel64 Family 6 Model 154 Stepping 3, GenuineIntel



---------------  S Y S T E M  ---------------

OS:
 Windows 11 , 64 bit Build 22621 (10.0.22621.1344)
OS uptime: 1 days 0:30 hours
Hyper-V role detected

CPU: total 16 (initial active 16) (8 cores per cpu, 2 threads per core) family 6 model 154 stepping 3 microcode 0x423, cx8, cmov, fxsr, ht, mmx, 3dnowpref, sse, sse2, sse3, ssse3, sse4.1, sse4.2, popcnt, lzcnt, tsc, tscinvbit, avx, avx2, aes, erms, clmul, bmi1, bmi2, adx, sha, fma, vzeroupper, clflush, clflushopt, clwb, hv

Memory: 4k page, system-wide physical 32465M (15142M free)
TotalPageFile size 34513M (AvailPageFile size 250M)
current process WorkingSet (physical memory assigned to process): 12M, peak: 12M
current process commit charge ("private bytes"): 66M, peak: 574M

vm_info: Java HotSpot(TM) 64-Bit Server VM (17.0.6+9-LTS-190) for windows-amd64 JRE (17.0.6+9-LTS-190), built on Dec  6 2022 15:53:54 by "mach5one" with MS VC++ 17.1 (VS2022)

END.
